<?xml version="1.0" encoding="UTF-8"?>
<robot generator="Robot 3.2.1 (Python 3.8.3 on win32)" generated="20200717 20:49:08.720" rpa="false">
<suite id="s1" name="Tables" source="C:\qaninja\robot\web\tests\tables.robot">
<test id="s1-t1" name="Verifica o valor ao informar o número da linha">
<kw name="Nova sessão" library="base" type="setup">
<kw name="Open Browser" library="SeleniumLibrary">
<doc>Opens a new browser instance to the optional ``url``.</doc>
<arguments>
<arg>${url}</arg>
<arg>chrome</arg>
</arguments>
<msg timestamp="20200717 20:49:09.062" level="INFO">Opening browser 'chrome' to base url 'https://training-wheels-protocol.herokuapp.com/'.</msg>
<status status="PASS" starttime="20200717 20:49:09.062" endtime="20200717 20:49:45.933"></status>
</kw>
<status status="PASS" starttime="20200717 20:49:09.061" endtime="20200717 20:49:45.933"></status>
</kw>
<kw name="Go To" library="SeleniumLibrary">
<doc>Navigates the current browser window to the provided ``url``.</doc>
<arguments>
<arg>${url}/tables</arg>
</arguments>
<msg timestamp="20200717 20:49:45.935" level="INFO">Opening url 'https://training-wheels-protocol.herokuapp.com//tables'</msg>
<status status="PASS" starttime="20200717 20:49:45.935" endtime="20200717 20:49:48.859"></status>
</kw>
<kw name="Table Row Should Contain" library="SeleniumLibrary">
<doc>Verifies that table row contains text ``expected``.</doc>
<arguments>
<arg>id:actors</arg>
<arg>1</arg>
<arg>$ 10.000.000</arg>
</arguments>
<status status="PASS" starttime="20200717 20:49:48.861" endtime="20200717 20:49:48.963"></status>
</kw>
<kw name="Encerra sessão" library="base" type="teardown">
<kw name="Capture Page Screenshot" library="SeleniumLibrary">
<doc>Takes a screenshot of the current page and embeds it into a log file.</doc>
<msg timestamp="20200717 20:49:49.318" level="INFO" html="yes">&lt;/td&gt;&lt;/tr&gt;&lt;tr&gt;&lt;td colspan="3"&gt;&lt;a href="selenium-screenshot-6.png"&gt;&lt;img src="selenium-screenshot-6.png" width="800px"&gt;&lt;/a&gt;</msg>
<status status="PASS" starttime="20200717 20:49:48.964" endtime="20200717 20:49:49.318"></status>
</kw>
<kw name="Close Browser" library="SeleniumLibrary">
<doc>Closes the current browser.</doc>
<status status="PASS" starttime="20200717 20:49:49.319" endtime="20200717 20:49:51.521"></status>
</kw>
<status status="PASS" starttime="20200717 20:49:48.963" endtime="20200717 20:49:51.521"></status>
</kw>
<status status="PASS" starttime="20200717 20:49:09.060" endtime="20200717 20:49:51.523" critical="yes"></status>
</test>
<test id="s1-t2" name="Descobre a linha pelo texto chave e valida os demais valores">
<kw name="Nova sessão" library="base" type="setup">
<kw name="Open Browser" library="SeleniumLibrary">
<doc>Opens a new browser instance to the optional ``url``.</doc>
<arguments>
<arg>${url}</arg>
<arg>chrome</arg>
</arguments>
<msg timestamp="20200717 20:49:51.530" level="INFO">Opening browser 'chrome' to base url 'https://training-wheels-protocol.herokuapp.com/'.</msg>
<status status="PASS" starttime="20200717 20:49:51.529" endtime="20200717 20:50:02.150"></status>
</kw>
<status status="PASS" starttime="20200717 20:49:51.529" endtime="20200717 20:50:02.150"></status>
</kw>
<kw name="Go To" library="SeleniumLibrary">
<doc>Navigates the current browser window to the provided ``url``.</doc>
<arguments>
<arg>${url}/tables</arg>
</arguments>
<msg timestamp="20200717 20:50:02.151" level="INFO">Opening url 'https://training-wheels-protocol.herokuapp.com//tables'</msg>
<status status="PASS" starttime="20200717 20:50:02.151" endtime="20200717 20:50:02.812"></status>
</kw>
<kw name="Get WebElement" library="SeleniumLibrary">
<doc>Returns the first WebElement matching the given ``locator``.</doc>
<arguments>
<arg>xpath:.//tr[contains(., '@chadwickboseman')]</arg>
</arguments>
<assign>
<var>${target}</var>
</assign>
<msg timestamp="20200717 20:50:02.833" level="INFO">${target} = &lt;selenium.webdriver.remote.webelement.WebElement (session="31125fde7bd988ca7ed70151093040e5", element="22629857-b8ba-4eca-85f0-1d3327eb5626")&gt;</msg>
<status status="PASS" starttime="20200717 20:50:02.813" endtime="20200717 20:50:02.833"></status>
</kw>
<kw name="Should Contain" library="BuiltIn">
<doc>Fails if ``container`` does not contain ``item`` one or more times.</doc>
<arguments>
<arg>${target.text}</arg>
<arg>$ 700.000</arg>
</arguments>
<status status="PASS" starttime="20200717 20:50:02.833" endtime="20200717 20:50:02.857"></status>
</kw>
<kw name="Should Contain" library="BuiltIn">
<doc>Fails if ``container`` does not contain ``item`` one or more times.</doc>
<arguments>
<arg>${target.text}</arg>
<arg>Pantera Negra</arg>
</arguments>
<status status="PASS" starttime="20200717 20:50:02.858" endtime="20200717 20:50:02.870"></status>
</kw>
<kw name="Encerra sessão" library="base" type="teardown">
<kw name="Capture Page Screenshot" library="SeleniumLibrary">
<doc>Takes a screenshot of the current page and embeds it into a log file.</doc>
<msg timestamp="20200717 20:50:03.207" level="INFO" html="yes">&lt;/td&gt;&lt;/tr&gt;&lt;tr&gt;&lt;td colspan="3"&gt;&lt;a href="selenium-screenshot-7.png"&gt;&lt;img src="selenium-screenshot-7.png" width="800px"&gt;&lt;/a&gt;</msg>
<status status="PASS" starttime="20200717 20:50:02.871" endtime="20200717 20:50:03.207"></status>
</kw>
<kw name="Close Browser" library="SeleniumLibrary">
<doc>Closes the current browser.</doc>
<status status="PASS" starttime="20200717 20:50:03.207" endtime="20200717 20:50:05.450"></status>
</kw>
<status status="PASS" starttime="20200717 20:50:02.870" endtime="20200717 20:50:05.451"></status>
</kw>
<status status="PASS" starttime="20200717 20:49:51.528" endtime="20200717 20:50:05.451" critical="yes"></status>
</test>
<status status="PASS" starttime="20200717 20:49:08.724" endtime="20200717 20:50:05.456"></status>
</suite>
<statistics>
<total>
<stat pass="2" fail="0">Critical Tests</stat>
<stat pass="2" fail="0">All Tests</stat>
</total>
<tag>
</tag>
<suite>
<stat pass="2" fail="0" id="s1" name="Tables">Tables</stat>
</suite>
</statistics>
<errors>
</errors>
</robot>
