<?xml version="1.0" encoding="UTF-8"?>
<robot generator="Robot 3.2.1 (Python 3.8.3 on win32)" generated="20200717 21:38:22.570" rpa="false">
<suite id="s1" name="Login Form" source="C:\qaninja\robot\web\tests\login_form.robot">
<test id="s1-t1" name="Senha inválida">
<kw name="Nova sessão" library="base" type="setup">
<kw name="Open Browser" library="SeleniumLibrary">
<doc>Opens a new browser instance to the optional ``url``.</doc>
<arguments>
<arg>${url}</arg>
<arg>chrome</arg>
</arguments>
<msg timestamp="20200717 21:38:22.852" level="INFO">Opening browser 'chrome' to base url 'https://training-wheels-protocol.herokuapp.com/'.</msg>
<status status="PASS" starttime="20200717 21:38:22.851" endtime="20200717 21:38:29.547"></status>
</kw>
<status status="PASS" starttime="20200717 21:38:22.851" endtime="20200717 21:38:29.547"></status>
</kw>
<kw name="Go To" library="SeleniumLibrary">
<doc>Navigates the current browser window to the provided ``url``.</doc>
<arguments>
<arg>${url}/login</arg>
</arguments>
<msg timestamp="20200717 21:38:29.549" level="INFO">Opening url 'https://training-wheels-protocol.herokuapp.com//login'</msg>
<status status="PASS" starttime="20200717 21:38:29.548" endtime="20200717 21:38:30.298"></status>
</kw>
<kw name="Input Text" library="SeleniumLibrary">
<doc>Types the given ``text`` into the text field identified by ``locator``.</doc>
<arguments>
<arg>css:input[name=username]</arg>
<arg>stark</arg>
</arguments>
<msg timestamp="20200717 21:38:30.299" level="INFO">Typing text 'stark' into text field 'css:input[name=username]'.</msg>
<status status="PASS" starttime="20200717 21:38:30.299" endtime="20200717 21:38:30.433"></status>
</kw>
<kw name="Input Text" library="SeleniumLibrary">
<doc>Types the given ``text`` into the text field identified by ``locator``.</doc>
<arguments>
<arg>css:input[name=password]</arg>
<arg>abc123</arg>
</arguments>
<msg timestamp="20200717 21:38:30.434" level="INFO">Typing text 'abc123' into text field 'css:input[name=password]'.</msg>
<status status="PASS" starttime="20200717 21:38:30.434" endtime="20200717 21:38:30.553"></status>
</kw>
<kw name="Click Element" library="SeleniumLibrary">
<doc>Click the element identified by ``locator``.</doc>
<arguments>
<arg>class:btn-login</arg>
</arguments>
<msg timestamp="20200717 21:38:30.554" level="INFO">Clicking element 'class:btn-login'.</msg>
<kw name="Capture Page Screenshot" library="SeleniumLibrary">
<doc>Takes a screenshot of the current page and embeds it into a log file.</doc>
<msg timestamp="20200717 21:38:30.958" level="INFO" html="yes">&lt;/td&gt;&lt;/tr&gt;&lt;tr&gt;&lt;td colspan="3"&gt;&lt;a href="selenium-screenshot-18.png"&gt;&lt;img src="selenium-screenshot-18.png" width="800px"&gt;&lt;/a&gt;</msg>
<status status="PASS" starttime="20200717 21:38:30.598" endtime="20200717 21:38:30.958"></status>
</kw>
<msg timestamp="20200717 21:38:30.962" level="FAIL">ElementNotInteractableException: Message: element not interactable: element has zero size
  (Session info: chrome=83.0.4103.116)
</msg>
<status status="FAIL" starttime="20200717 21:38:30.554" endtime="20200717 21:38:30.962"></status>
</kw>
<kw name="Encerra sessão" library="base" type="teardown">
<kw name="Capture Page Screenshot" library="SeleniumLibrary">
<doc>Takes a screenshot of the current page and embeds it into a log file.</doc>
<msg timestamp="20200717 21:38:31.326" level="INFO" html="yes">&lt;/td&gt;&lt;/tr&gt;&lt;tr&gt;&lt;td colspan="3"&gt;&lt;a href="selenium-screenshot-19.png"&gt;&lt;img src="selenium-screenshot-19.png" width="800px"&gt;&lt;/a&gt;</msg>
<status status="PASS" starttime="20200717 21:38:30.963" endtime="20200717 21:38:31.326"></status>
</kw>
<kw name="Close Browser" library="SeleniumLibrary">
<doc>Closes the current browser.</doc>
<status status="PASS" starttime="20200717 21:38:31.327" endtime="20200717 21:38:35.709"></status>
</kw>
<status status="PASS" starttime="20200717 21:38:30.963" endtime="20200717 21:38:35.710"></status>
</kw>
<tags>
<tag>login_error</tag>
</tags>
<status status="FAIL" starttime="20200717 21:38:22.849" endtime="20200717 21:38:35.714" critical="yes">ElementNotInteractableException: Message: element not interactable: element has zero size
  (Session info: chrome=83.0.4103.116)
</status>
</test>
<status status="FAIL" starttime="20200717 21:38:22.574" endtime="20200717 21:38:35.727"></status>
</suite>
<statistics>
<total>
<stat pass="0" fail="1">Critical Tests</stat>
<stat pass="0" fail="1">All Tests</stat>
</total>
<tag>
<stat pass="0" fail="1">login_error</stat>
</tag>
<suite>
<stat pass="0" fail="1" id="s1" name="Login Form">Login Form</stat>
</suite>
</statistics>
<errors>
</errors>
</robot>
